{
  "stats": {
    "suites": 1,
    "tests": 2,
    "passes": 2,
    "pending": 0,
    "failures": 0,
    "start": "2023-06-22T09:55:49.959Z",
    "end": "2023-06-22T09:55:51.228Z",
    "duration": 1269,
    "testsRegistered": 2,
    "passPercent": 100,
    "pendingPercent": 0,
    "other": 0,
    "hasOther": false,
    "skipped": 0,
    "hasSkipped": false
  },
  "results": [
    {
      "uuid": "6e77b393-7021-4657-babd-152f9628a6ad",
      "title": "",
      "fullFile": "C:\\Users\\ACER\\Documents\\petstore-api\\test\\api\\chaiAssertGetInventory.js",
      "file": "\\test\\api\\chaiAssertGetInventory.js",
      "beforeHooks": [],
      "afterHooks": [],
      "tests": [],
      "suites": [
        {
          "uuid": "f10408c2-ee84-43ce-9a56-36d3d1e7dbea",
          "title": "Get Request Inventory",
          "fullFile": "C:\\Users\\ACER\\Documents\\petstore-api\\test\\api\\chaiAssertGetInventory.js",
          "file": "\\test\\api\\chaiAssertGetInventory.js",
          "beforeHooks": [],
          "afterHooks": [],
          "tests": [
            {
              "title": "response status equal to 200",
              "fullTitle": "Get Request Inventory response status equal to 200",
              "timedOut": false,
              "duration": 1261,
              "state": "passed",
              "speed": "slow",
              "pass": true,
              "fail": false,
              "pending": false,
              "context": null,
              "code": "expect((await response).status).to.equal(200)",
              "err": {},
              "uuid": "51160b25-2f16-4914-8df7-6f98d6a9b9f3",
              "parentUUID": "f10408c2-ee84-43ce-9a56-36d3d1e7dbea",
              "isHook": false,
              "skipped": false
            },
            {
              "title": "response body to haveOwnProperty",
              "fullTitle": "Get Request Inventory response body to haveOwnProperty",
              "timedOut": false,
              "duration": 0,
              "state": "passed",
              "speed": "fast",
              "pass": true,
              "fail": false,
              "pending": false,
              "context": null,
              "code": "expect((await response).body).to.haveOwnProperty('available')",
              "err": {},
              "uuid": "394aeb28-7803-4d6e-9a79-1e08b5daeb25",
              "parentUUID": "f10408c2-ee84-43ce-9a56-36d3d1e7dbea",
              "isHook": false,
              "skipped": false
            }
          ],
          "suites": [],
          "passes": [
            "51160b25-2f16-4914-8df7-6f98d6a9b9f3",
            "394aeb28-7803-4d6e-9a79-1e08b5daeb25"
          ],
          "failures": [],
          "pending": [],
          "skipped": [],
          "duration": 1261,
          "root": false,
          "rootEmpty": false,
          "_timeout": 2000
        }
      ],
      "passes": [],
      "failures": [],
      "pending": [],
      "skipped": [],
      "duration": 0,
      "root": true,
      "rootEmpty": true,
      "_timeout": 2000
    }
  ],
  "meta": {
    "mocha": {
      "version": "10.2.0"
    },
    "mochawesome": {
      "options": {
        "quiet": false,
        "reportFilename": "mochawesome",
        "saveHtml": true,
        "saveJson": true,
        "consoleReporter": "spec",
        "useInlineDiffs": false,
        "code": true
      },
      "version": "7.1.3"
    },
    "marge": {
      "options": null,
      "version": "6.2.0"
    }
  }
}